#Build: Fabric Compiler 2021.1-SP7.1-NL, Build 128400, Jul 03 17:24 2023
#Install: D:\pango\PDS_2021.1-SP7.1-NL\bin
#Application name: pds_shell.exe
#OS: Windows 10 10.0.22631
#Hostname: Yan
Generated by Fabric Compiler (version 2021.1-SP7.1-NL build 128400) at Thu Aug 15 14:40:50 2024
Compiling verification operator library.
Compiling common defs.
Loading technology operator library.
Compiling technology operator library.
Compiling technology operator (valence) library.
Compiling operator packing rules.
Compiling prim grid devices.
Compiling gate devices.
Compiling gate operators.
Compiling tech operator impls.
Building architecture model.
Loading device packaging model.
I: Parameter configuration file C:/Users/yanqs/Desktop/csi_ad/ad7606_csi/project/ad7606_csi_pgl25g/testparam.txt cannot open.
Reading design from translate DB.
Flattening design 'ad7606_csi'
Device mapping started.
Optimizing circuit logic.
Checking design netlist.
Processing tech operator.
I: The instance clkbufg_0(GTP_CLKBUFG) has been inserted on the net adc_refclk in design, driver pin CLKOUT0(instance u_ip_clk/u_pll_e3) -> load pin CLK(instance u_ad7606/u_parallel_adc_capture/clk_adc_par).
I: The instance clkbufg_1(GTP_CLKBUFG) has been inserted on the net nt_csi_pclk in design, driver pin CLKOUT2(instance u_ip_clk/u_pll_e3) -> load pin I(instance u_parallel_csi_tx/N87).
I: The instance clkbufg_2(GTP_CLKBUFG) has been inserted on the net fifo_wr_clk in design, driver pin CLKOUT1(instance u_ip_clk/u_pll_e3) -> load pin CLK(instance adc_data_cnt[0]).
Converting tech operator to gate operator.
Processing gate operator.
Device mapping done.
Total device mapping takes 0.125000 sec.

Device Utilization Summary:
+-------------------------------------------------------------------------+
| Logic Utilization     | Used     | Available     | Utilization(%)     
+-------------------------------------------------------------------------+
| APM                   | 0        | 40            | 0                   
| IOCKDLY               | 0        | 32            | 0                   
| FF                    | 302      | 33840         | 1                   
| LUT                   | 455      | 22560         | 3                   
| Distributed RAM       | 128      | 7568          | 2                   
| DLL                   | 0        | 8             | 0                   
| DQSL                  | 0        | 12            | 0                   
| DRM                   | 0        | 60            | 0                   
| FUSECODE              | 0        | 1             | 0                   
| IO                    | 38       | 226           | 17                  
| IOCKDIV               | 0        | 16            | 0                   
| IOCKGATE              | 0        | 16            | 0                   
| IPAL                  | 0        | 1             | 0                   
| PLL                   | 1        | 4             | 25                  
| RCKB                  | 0        | 16            | 0                   
| SCANCHAIN             | 0        | 2             | 0                   
| START                 | 0        | 1             | 0                   
| USCM                  | 3        | 30            | 10                  
| OSC                   | 0        | 1             | 0                   
| CRYSTAL               | 0        | 4             | 0                   
| RESCAL                | 0        | 4             | 0                   
| UDID                  | 0        | 1             | 0                   
+-------------------------------------------------------------------------+

Design 'ad7606_csi' has been successfully mapped to architecture-specific objects.
Saving design to DB.
W: Public-4010: Pcf file C:/Users/yanqs/Desktop/csi_ad/ad7606_csi/project/ad7606_csi_pgl25g/device_map/ad7606_csi.pcf has been covered.
Action dev_map: Real time elapsed is 7.000 sec
Action dev_map: CPU time elapsed is 2.844 sec
Current time: Thu Aug 15 14:40:56 2024
Action dev_map: Peak memory pool usage is 181,735,424 bytes
