#Build: Fabric Compiler 2021.1-SP7.1-NL, Build 128400, Jul 03 17:24 2023
#Install: D:\pango\PDS_2021.1-SP7.1-NL\bin
#Application name: pds_shell.exe
#OS: Windows 10 10.0.22631
#Hostname: Yan
Generated by Fabric Compiler (version 2021.1-SP7.1-NL build 128400) at Thu Aug 15 14:40:57 2024
Compiling verification operator library.
Compiling common defs.
Compiling prim grid devices.
Compiling gate devices.
Compiling gate operators.
Building architecture model.
Loading device packaging model.
I: Parameter configuration file C:/Users/yanqs/Desktop/csi_ad/ad7606_csi/project/ad7606_csi_pgl25g/testparam.txt cannot open.
Starting placement and routing flow. (CPU time elapsed 0h:00m:00s)
Reading design from devmap DB.
Building architecture floorplan logic view.
Executing : apply_constraint -f C:/Users/yanqs/Desktop/csi_ad/ad7606_csi/project/ad7606_csi_pgl25g/device_map/ad7606_csi.pcf
Constraint check start.
Executing : def_port adc_convst_a -LOC D9 -VCCIO 3.3 -IOSTANDARD LVCMOS33 -DRIVE 8 -SLEW FAST
Executing : def_port adc_convst_a -LOC D9 -VCCIO 3.3 -IOSTANDARD LVCMOS33 -DRIVE 8 -SLEW FAST successfully.
Executing : def_port adc_convst_b -LOC A11 -VCCIO 3.3 -IOSTANDARD LVCMOS33 -DRIVE 8 -SLEW FAST
Executing : def_port adc_convst_b -LOC A11 -VCCIO 3.3 -IOSTANDARD LVCMOS33 -DRIVE 8 -SLEW FAST successfully.
Executing : def_port adc_cs_n -LOC B12 -VCCIO 3.3 -IOSTANDARD LVCMOS33 -DRIVE 8 -SLEW FAST
Executing : def_port adc_cs_n -LOC B12 -VCCIO 3.3 -IOSTANDARD LVCMOS33 -DRIVE 8 -SLEW FAST successfully.
Executing : def_port {adc_os[0]} -LOC G9 -VCCIO 3.3 -IOSTANDARD LVCMOS33 -DRIVE 8 -SLEW FAST
Executing : def_port {adc_os[0]} -LOC G9 -VCCIO 3.3 -IOSTANDARD LVCMOS33 -DRIVE 8 -SLEW FAST successfully.
Executing : def_port {adc_os[1]} -LOC F9 -VCCIO 3.3 -IOSTANDARD LVCMOS33 -DRIVE 8 -SLEW FAST
Executing : def_port {adc_os[1]} -LOC F9 -VCCIO 3.3 -IOSTANDARD LVCMOS33 -DRIVE 8 -SLEW FAST successfully.
Executing : def_port {adc_os[2]} -LOC B11 -VCCIO 3.3 -IOSTANDARD LVCMOS33 -DRIVE 8 -SLEW FAST
Executing : def_port {adc_os[2]} -LOC B11 -VCCIO 3.3 -IOSTANDARD LVCMOS33 -DRIVE 8 -SLEW FAST successfully.
Executing : def_port adc_range -LOC A8 -VCCIO 3.3 -IOSTANDARD LVCMOS33 -DRIVE 8 -SLEW FAST
Executing : def_port adc_range -LOC A8 -VCCIO 3.3 -IOSTANDARD LVCMOS33 -DRIVE 8 -SLEW FAST successfully.
Executing : def_port adc_rd_n -LOC C9 -VCCIO 3.3 -IOSTANDARD LVCMOS33 -DRIVE 8 -SLEW FAST
Executing : def_port adc_rd_n -LOC C9 -VCCIO 3.3 -IOSTANDARD LVCMOS33 -DRIVE 8 -SLEW FAST successfully.
Executing : def_port adc_reset -LOC A12 -VCCIO 3.3 -IOSTANDARD LVCMOS33 -DRIVE 8 -SLEW FAST
Executing : def_port adc_reset -LOC A12 -VCCIO 3.3 -IOSTANDARD LVCMOS33 -DRIVE 8 -SLEW FAST successfully.
Executing : def_port {csi_data[0]} -LOC F14 -VCCIO 3.3 -IOSTANDARD LVCMOS33 -DRIVE 8 -SLEW SLOW
Executing : def_port {csi_data[0]} -LOC F14 -VCCIO 3.3 -IOSTANDARD LVCMOS33 -DRIVE 8 -SLEW SLOW successfully.
Executing : def_port {csi_data[1]} -LOC G14 -VCCIO 3.3 -IOSTANDARD LVCMOS33 -DRIVE 8 -SLEW SLOW
Executing : def_port {csi_data[1]} -LOC G14 -VCCIO 3.3 -IOSTANDARD LVCMOS33 -DRIVE 8 -SLEW SLOW successfully.
Executing : def_port {csi_data[2]} -LOC D17 -VCCIO 3.3 -IOSTANDARD LVCMOS33 -DRIVE 8 -SLEW SLOW
Executing : def_port {csi_data[2]} -LOC D17 -VCCIO 3.3 -IOSTANDARD LVCMOS33 -DRIVE 8 -SLEW SLOW successfully.
Executing : def_port {csi_data[3]} -LOC D18 -VCCIO 3.3 -IOSTANDARD LVCMOS33 -DRIVE 8 -SLEW SLOW
Executing : def_port {csi_data[3]} -LOC D18 -VCCIO 3.3 -IOSTANDARD LVCMOS33 -DRIVE 8 -SLEW SLOW successfully.
Executing : def_port {csi_data[4]} -LOC H12 -VCCIO 3.3 -IOSTANDARD LVCMOS33 -DRIVE 8 -SLEW SLOW
Executing : def_port {csi_data[4]} -LOC H12 -VCCIO 3.3 -IOSTANDARD LVCMOS33 -DRIVE 8 -SLEW SLOW successfully.
Executing : def_port {csi_data[5]} -LOC G13 -VCCIO 3.3 -IOSTANDARD LVCMOS33 -DRIVE 8 -SLEW SLOW
Executing : def_port {csi_data[5]} -LOC G13 -VCCIO 3.3 -IOSTANDARD LVCMOS33 -DRIVE 8 -SLEW SLOW successfully.
Executing : def_port {csi_data[6]} -LOC E16 -VCCIO 3.3 -IOSTANDARD LVCMOS33 -DRIVE 8 -SLEW SLOW
Executing : def_port {csi_data[6]} -LOC E16 -VCCIO 3.3 -IOSTANDARD LVCMOS33 -DRIVE 8 -SLEW SLOW successfully.
Executing : def_port {csi_data[7]} -LOC E18 -VCCIO 3.3 -IOSTANDARD LVCMOS33 -DRIVE 8 -SLEW SLOW
Executing : def_port {csi_data[7]} -LOC E18 -VCCIO 3.3 -IOSTANDARD LVCMOS33 -DRIVE 8 -SLEW SLOW successfully.
Executing : def_port csi_hsync -LOC F16 -VCCIO 3.3 -IOSTANDARD LVCMOS33 -DRIVE 8 -SLEW SLOW
Executing : def_port csi_hsync -LOC F16 -VCCIO 3.3 -IOSTANDARD LVCMOS33 -DRIVE 8 -SLEW SLOW successfully.
Executing : def_port csi_pclk -LOC F15 -VCCIO 3.3 -IOSTANDARD LVCMOS33 -DRIVE 8 -SLEW SLOW
Executing : def_port csi_pclk -LOC F15 -VCCIO 3.3 -IOSTANDARD LVCMOS33 -DRIVE 8 -SLEW SLOW successfully.
Executing : def_port csi_vsync -LOC C18 -VCCIO 3.3 -IOSTANDARD LVCMOS33 -DRIVE 8 -SLEW SLOW
Executing : def_port csi_vsync -LOC C18 -VCCIO 3.3 -IOSTANDARD LVCMOS33 -DRIVE 8 -SLEW SLOW successfully.
Executing : def_port adc_busy -LOC A9 -VCCIO 3.3 -IOSTANDARD LVCMOS33
Executing : def_port adc_busy -LOC A9 -VCCIO 3.3 -IOSTANDARD LVCMOS33 successfully.
Executing : def_port {adc_data[0]} -LOC C13 -VCCIO 3.3 -IOSTANDARD LVCMOS33
Executing : def_port {adc_data[0]} -LOC C13 -VCCIO 3.3 -IOSTANDARD LVCMOS33 successfully.
Executing : def_port {adc_data[1]} -LOC A13 -VCCIO 3.3 -IOSTANDARD LVCMOS33
Executing : def_port {adc_data[1]} -LOC A13 -VCCIO 3.3 -IOSTANDARD LVCMOS33 successfully.
Executing : def_port {adc_data[2]} -LOC D11 -VCCIO 3.3 -IOSTANDARD LVCMOS33
Executing : def_port {adc_data[2]} -LOC D11 -VCCIO 3.3 -IOSTANDARD LVCMOS33 successfully.
Executing : def_port {adc_data[3]} -LOC C11 -VCCIO 3.3 -IOSTANDARD LVCMOS33
Executing : def_port {adc_data[3]} -LOC C11 -VCCIO 3.3 -IOSTANDARD LVCMOS33 successfully.
Executing : def_port {adc_data[4]} -LOC C10 -VCCIO 3.3 -IOSTANDARD LVCMOS33
Executing : def_port {adc_data[4]} -LOC C10 -VCCIO 3.3 -IOSTANDARD LVCMOS33 successfully.
Executing : def_port {adc_data[5]} -LOC A10 -VCCIO 3.3 -IOSTANDARD LVCMOS33
Executing : def_port {adc_data[5]} -LOC A10 -VCCIO 3.3 -IOSTANDARD LVCMOS33 successfully.
Executing : def_port {adc_data[6]} -LOC B14 -VCCIO 3.3 -IOSTANDARD LVCMOS33
Executing : def_port {adc_data[6]} -LOC B14 -VCCIO 3.3 -IOSTANDARD LVCMOS33 successfully.
Executing : def_port {adc_data[7]} -LOC A14 -VCCIO 3.3 -IOSTANDARD LVCMOS33
Executing : def_port {adc_data[7]} -LOC A14 -VCCIO 3.3 -IOSTANDARD LVCMOS33 successfully.
Executing : def_port {adc_data[8]} -LOC F13 -VCCIO 3.3 -IOSTANDARD LVCMOS33
C: ConstraintEditor-2002: [C:/Users/yanqs/Desktop/csi_ad/ad7606_csi/project/ad7606_csi_pgl25g/device_map/ad7606_csi.pcf(line number: 32)] | Port adc_data[8] has been placed at location F13, whose type is share pin.
Executing : def_port {adc_data[8]} -LOC F13 -VCCIO 3.3 -IOSTANDARD LVCMOS33 successfully.
Executing : def_port {adc_data[9]} -LOC E13 -VCCIO 3.3 -IOSTANDARD LVCMOS33
C: ConstraintEditor-2002: [C:/Users/yanqs/Desktop/csi_ad/ad7606_csi/project/ad7606_csi_pgl25g/device_map/ad7606_csi.pcf(line number: 33)] | Port adc_data[9] has been placed at location E13, whose type is share pin.
Executing : def_port {adc_data[9]} -LOC E13 -VCCIO 3.3 -IOSTANDARD LVCMOS33 successfully.
Executing : def_port {adc_data[10]} -LOC C15 -VCCIO 3.3 -IOSTANDARD LVCMOS33
C: ConstraintEditor-2002: [C:/Users/yanqs/Desktop/csi_ad/ad7606_csi/project/ad7606_csi_pgl25g/device_map/ad7606_csi.pcf(line number: 34)] | Port adc_data[10] has been placed at location C15, whose type is share pin.
Executing : def_port {adc_data[10]} -LOC C15 -VCCIO 3.3 -IOSTANDARD LVCMOS33 successfully.
Executing : def_port {adc_data[11]} -LOC A15 -VCCIO 3.3 -IOSTANDARD LVCMOS33
C: ConstraintEditor-2002: [C:/Users/yanqs/Desktop/csi_ad/ad7606_csi/project/ad7606_csi_pgl25g/device_map/ad7606_csi.pcf(line number: 35)] | Port adc_data[11] has been placed at location A15, whose type is share pin.
Executing : def_port {adc_data[11]} -LOC A15 -VCCIO 3.3 -IOSTANDARD LVCMOS33 successfully.
Executing : def_port {adc_data[12]} -LOC D14 -VCCIO 3.3 -IOSTANDARD LVCMOS33
C: ConstraintEditor-2002: [C:/Users/yanqs/Desktop/csi_ad/ad7606_csi/project/ad7606_csi_pgl25g/device_map/ad7606_csi.pcf(line number: 36)] | Port adc_data[12] has been placed at location D14, whose type is share pin.
Executing : def_port {adc_data[12]} -LOC D14 -VCCIO 3.3 -IOSTANDARD LVCMOS33 successfully.
Executing : def_port {adc_data[13]} -LOC C14 -VCCIO 3.3 -IOSTANDARD LVCMOS33
C: ConstraintEditor-2002: [C:/Users/yanqs/Desktop/csi_ad/ad7606_csi/project/ad7606_csi_pgl25g/device_map/ad7606_csi.pcf(line number: 37)] | Port adc_data[13] has been placed at location C14, whose type is share pin.
Executing : def_port {adc_data[13]} -LOC C14 -VCCIO 3.3 -IOSTANDARD LVCMOS33 successfully.
Executing : def_port {adc_data[14]} -LOC B16 -VCCIO 3.3 -IOSTANDARD LVCMOS33
C: ConstraintEditor-2002: [C:/Users/yanqs/Desktop/csi_ad/ad7606_csi/project/ad7606_csi_pgl25g/device_map/ad7606_csi.pcf(line number: 38)] | Port adc_data[14] has been placed at location B16, whose type is share pin.
Executing : def_port {adc_data[14]} -LOC B16 -VCCIO 3.3 -IOSTANDARD LVCMOS33 successfully.
Executing : def_port {adc_data[15]} -LOC A16 -VCCIO 3.3 -IOSTANDARD LVCMOS33
C: ConstraintEditor-2002: [C:/Users/yanqs/Desktop/csi_ad/ad7606_csi/project/ad7606_csi_pgl25g/device_map/ad7606_csi.pcf(line number: 39)] | Port adc_data[15] has been placed at location A16, whose type is share pin.
Executing : def_port {adc_data[15]} -LOC A16 -VCCIO 3.3 -IOSTANDARD LVCMOS33 successfully.
Executing : def_port sys_clk -LOC H17 -VCCIO 3.3 -IOSTANDARD LVCMOS33
Executing : def_port sys_clk -LOC H17 -VCCIO 3.3 -IOSTANDARD LVCMOS33 successfully.
Constraint check end.
Executing : apply_constraint -f C:/Users/yanqs/Desktop/csi_ad/ad7606_csi/project/ad7606_csi_pgl25g/device_map/ad7606_csi.pcf successfully.

Placement started.
Pre global placement started.
Mapping instance u_ip_clk/u_pll_e3/goppll to PLL_122_55.
Mapping instance clkbufg_2/gopclkbufg to USCM_56_112.
Mapping instance clkbufg_1/gopclkbufg to USCM_56_113.
Mapping instance clkbufg_0/gopclkbufg to USCM_56_114.
Pre global placement takes 2.81 sec.

Global placement started.
Run super clustering :
	Initial slack -514.
	4 iterations finished.
	Final slack 2665.
Super clustering done.
Design Utilization : 3%.
Wirelength after global placement is 3432.
Global placement takes 0.52 sec.

Post global placement started.
Placed fixed group with base inst adc_busy_ibuf/opit_1 on IOL_123_249.
Placed fixed group with base inst adc_convst_a_obuf/opit_1 on IOL_115_250.
Placed fixed group with base inst adc_convst_b_obuf/opit_1 on IOL_147_249.
Placed fixed group with base inst adc_cs_n_obuf/opit_1 on IOL_155_250.
Placed fixed group with base inst adc_data_ibuf[0]/opit_1 on IOL_187_250.
Placed fixed group with base inst adc_data_ibuf[1]/opit_1 on IOL_187_249.
Placed fixed group with base inst adc_data_ibuf[2]/opit_1 on IOL_127_250.
Placed fixed group with base inst adc_data_ibuf[3]/opit_1 on IOL_127_249.
Placed fixed group with base inst adc_data_ibuf[4]/opit_1 on IOL_131_250.
Placed fixed group with base inst adc_data_ibuf[5]/opit_1 on IOL_131_249.
Placed fixed group with base inst adc_data_ibuf[6]/opit_1 on IOL_199_250.
Placed fixed group with base inst adc_data_ibuf[7]/opit_1 on IOL_199_249.
Placed fixed group with base inst adc_data_ibuf[8]/opit_1 on IOL_207_250.
Placed fixed group with base inst adc_data_ibuf[9]/opit_1 on IOL_207_249.
Placed fixed group with base inst adc_data_ibuf[10]/opit_1 on IOL_215_250.
Placed fixed group with base inst adc_data_ibuf[11]/opit_1 on IOL_215_249.
Placed fixed group with base inst adc_data_ibuf[12]/opit_1 on IOL_223_250.
Placed fixed group with base inst adc_data_ibuf[13]/opit_1 on IOL_223_249.
Placed fixed group with base inst adc_data_ibuf[14]/opit_1 on IOL_227_250.
Placed fixed group with base inst adc_data_ibuf[15]/opit_1 on IOL_227_249.
Placed fixed group with base inst adc_os_obuf[0]/opit_1 on IOL_135_250.
Placed fixed group with base inst adc_os_obuf[1]/opit_1 on IOL_135_249.
Placed fixed group with base inst adc_os_obuf[2]/opit_1 on IOL_147_250.
Placed fixed group with base inst adc_range_obuf/opit_1 on IOL_111_249.
Placed fixed group with base inst adc_rd_n_obuf/opit_1 on IOL_115_249.
Placed fixed group with base inst adc_reset_obuf/opit_1 on IOL_155_249.
Placed fixed group with base inst csi_data_obuf[0]/opit_1 on IOL_243_206.
Placed fixed group with base inst csi_data_obuf[1]/opit_1 on IOL_243_205.
Placed fixed group with base inst csi_data_obuf[2]/opit_1 on IOL_243_202.
Placed fixed group with base inst csi_data_obuf[3]/opit_1 on IOL_243_201.
Placed fixed group with base inst csi_data_obuf[4]/opit_1 on IOL_243_178.
Placed fixed group with base inst csi_data_obuf[5]/opit_1 on IOL_243_177.
Placed fixed group with base inst csi_data_obuf[6]/opit_1 on IOL_243_174.
Placed fixed group with base inst csi_data_obuf[7]/opit_1 on IOL_243_173.
Placed fixed group with base inst csi_hsync_obuf/opit_1 on IOL_243_245.
Placed fixed group with base inst csi_pclk_obuf/opit_1 on IOL_243_246.
Placed fixed group with base inst csi_vsync_obuf/opit_1 on IOL_243_209.
Placed fixed group with base inst sys_clk_ibuf/opit_1 on IOL_243_114.
Placed fixed instance clkbufg_0/gopclkbufg on USCM_56_114.
Placed fixed instance clkbufg_1/gopclkbufg on USCM_56_113.
Placed fixed instance clkbufg_2/gopclkbufg on USCM_56_112.
Placed fixed instance u_ip_clk/u_pll_e3/goppll on PLL_122_55.
Placed fixed instance BKCL_auto_0 on BKCL_138_253.
Placed fixed instance BKCL_auto_1 on BKCL_245_144.
IO placement started.
IO placement takes 0.03 sec.

Macro cell placement started.
Wirelength after Macro cell placement is 3432.
Macro cell placement takes 0.00 sec.

Run super clustering :
	Initial slack -514.
	4 iterations finished.
	Final slack 2665.
Super clustering done.
Design Utilization : 3%.
Wirelength after post global placement is 3432.
Post global placement takes 0.66 sec.

Legalization started.
Wirelength after legalization is 4250.
Legalization takes 0.06 sec.

Timing-driven detailed placement started.
replication start
Worst slack before Replication Place is 3193.
Wirelength after replication placement is 4250.
Legalized cost 3193.000000.
Cost at iteration 0 : 3193.000000, wslk 4203.
Cost at iteration 1 : 4452.000000, wslk 4560.
Cost at iteration 2 : 4560.000000, wslk 4560.
Cost at iteration 3 : 4560.000000, wslk 4560.
Cost at iteration 4 : 4560.000000, wslk 4560.
Cost at iteration 5 : 4560.000000, wslk 4560.
Cost at iteration 6 : 4560.000000, wslk 4560.
Cost at iteration 7 : 4560.000000, wslk 4560.
Cost at iteration 8 : 4560.000000, wslk 4560.
Cost at iteration 9 : 4560.000000, wslk 4560.
Cost at iteration 10 : 4560.000000, wslk 4560.
The detailed placement ends at 11th iteration.
Wirelength after detailed placement is 4513.
Timing-driven detailed placement takes 1.09 sec.

Worst slack is 4538, TNS after placement is 0.
Placement done.
Total placement takes 5.30 sec.
Finished placement. (CPU time elapsed 0h:00m:05s)

Routing started.
Building routing graph takes 1.30 sec.
Worst slack is 4538, TNS before global route is 0.
Processing design graph takes 0.19 sec.
Total memory for routing:
	63.616288 M.
Total nets for routing : 827.
Rcf routing step 1 processed 0 nets, it takes 0.00 sec.
Rcf routing step 2 processed 0 nets, it takes 0.00 sec.
Rcf routing step 3 processed 0 nets, it takes 0.00 sec.
Unrouted nets 0 at the end of iteration 0.
Global Routing step 1 processed 21 nets, it takes 0.02 sec.
Unrouted nets 74 at the end of iteration 0.
Unrouted nets 53 at the end of iteration 1.
Unrouted nets 45 at the end of iteration 2.
Unrouted nets 29 at the end of iteration 3.
Unrouted nets 24 at the end of iteration 4.
Unrouted nets 18 at the end of iteration 5.
Unrouted nets 8 at the end of iteration 6.
Unrouted nets 8 at the end of iteration 7.
Unrouted nets 8 at the end of iteration 8.
Unrouted nets 4 at the end of iteration 9.
Unrouted nets 1 at the end of iteration 10.
Unrouted nets 0 at the end of iteration 11.
Global Routing step 2 processed 157 nets, it takes 0.83 sec.
Unrouted nets 6 at the end of iteration 0.
Unrouted nets 0 at the end of iteration 1.
Global Routing step 3 processed 39 nets, it takes 0.03 sec.
Global routing takes 0.88 sec.
Total 925 subnets.
    forward max bucket size 1550 , backward 54.
        Unrouted nets 464 at the end of iteration 0.
    route iteration 0, CPU time elapsed 0.171875 sec.
    forward max bucket size 1550 , backward 47.
        Unrouted nets 359 at the end of iteration 1.
    route iteration 1, CPU time elapsed 0.187500 sec.
    forward max bucket size 457 , backward 36.
        Unrouted nets 337 at the end of iteration 2.
    route iteration 2, CPU time elapsed 0.125000 sec.
    forward max bucket size 211 , backward 58.
        Unrouted nets 296 at the end of iteration 3.
    route iteration 3, CPU time elapsed 0.093750 sec.
    forward max bucket size 26 , backward 34.
        Unrouted nets 258 at the end of iteration 4.
    route iteration 4, CPU time elapsed 0.062500 sec.
    forward max bucket size 27 , backward 42.
        Unrouted nets 199 at the end of iteration 5.
    route iteration 5, CPU time elapsed 0.046875 sec.
    forward max bucket size 23 , backward 43.
        Unrouted nets 150 at the end of iteration 6.
    route iteration 6, CPU time elapsed 0.046875 sec.
    forward max bucket size 33 , backward 24.
        Unrouted nets 126 at the end of iteration 7.
    route iteration 7, CPU time elapsed 0.046875 sec.
    forward max bucket size 100 , backward 45.
        Unrouted nets 93 at the end of iteration 8.
    route iteration 8, CPU time elapsed 0.031250 sec.
    forward max bucket size 29 , backward 26.
        Unrouted nets 72 at the end of iteration 9.
    route iteration 9, CPU time elapsed 0.031250 sec.
    forward max bucket size 22 , backward 36.
        Unrouted nets 57 at the end of iteration 10.
    route iteration 10, CPU time elapsed 0.015625 sec.
    forward max bucket size 24 , backward 23.
        Unrouted nets 39 at the end of iteration 11.
    route iteration 11, CPU time elapsed 0.000000 sec.
    forward max bucket size 19 , backward 25.
        Unrouted nets 33 at the end of iteration 12.
    route iteration 12, CPU time elapsed 0.015625 sec.
    forward max bucket size 15 , backward 34.
        Unrouted nets 30 at the end of iteration 13.
    route iteration 13, CPU time elapsed 0.000000 sec.
    forward max bucket size 20 , backward 23.
        Unrouted nets 10 at the end of iteration 14.
    route iteration 14, CPU time elapsed 0.015625 sec.
    forward max bucket size 16 , backward 39.
        Unrouted nets 9 at the end of iteration 15.
    route iteration 15, CPU time elapsed 0.000000 sec.
    forward max bucket size 15 , backward 16.
        Unrouted nets 9 at the end of iteration 16.
    route iteration 16, CPU time elapsed 0.000000 sec.
    forward max bucket size 20 , backward 19.
        Unrouted nets 7 at the end of iteration 17.
    route iteration 17, CPU time elapsed 0.000000 sec.
    forward max bucket size 12 , backward 8.
        Unrouted nets 7 at the end of iteration 18.
    route iteration 18, CPU time elapsed 0.000000 sec.
    forward max bucket size 15 , backward 15.
        Unrouted nets 6 at the end of iteration 19.
    route iteration 19, CPU time elapsed 0.015625 sec.
    forward max bucket size 15 , backward 25.
        Unrouted nets 8 at the end of iteration 20.
    route iteration 20, CPU time elapsed 0.000000 sec.
    forward max bucket size 14 , backward 16.
        Unrouted nets 5 at the end of iteration 21.
    route iteration 21, CPU time elapsed 0.000000 sec.
    forward max bucket size 14 , backward 26.
        Unrouted nets 3 at the end of iteration 22.
    route iteration 22, CPU time elapsed 0.015625 sec.
    forward max bucket size 24 , backward 34.
        Unrouted nets 3 at the end of iteration 23.
    route iteration 23, CPU time elapsed 0.000000 sec.
    forward max bucket size 14 , backward 39.
        Unrouted nets 4 at the end of iteration 24.
    route iteration 24, CPU time elapsed 0.000000 sec.
    forward max bucket size 14 , backward 12.
        Unrouted nets 3 at the end of iteration 25.
    route iteration 25, CPU time elapsed 0.000000 sec.
    forward max bucket size 8 , backward 7.
        Unrouted nets 3 at the end of iteration 26.
    route iteration 26, CPU time elapsed 0.000000 sec.
    forward max bucket size 18 , backward 13.
        Unrouted nets 1 at the end of iteration 27.
    route iteration 27, CPU time elapsed 0.000000 sec.
    forward max bucket size 4 , backward 1.
        Unrouted nets 1 at the end of iteration 28.
    route iteration 28, CPU time elapsed 0.000000 sec.
    forward max bucket size 4 , backward 1.
        Unrouted nets 1 at the end of iteration 29.
    route iteration 29, CPU time elapsed 0.000000 sec.
    forward max bucket size 4 , backward 1.
        Unrouted nets 1 at the end of iteration 30.
    route iteration 30, CPU time elapsed 0.000000 sec.
    forward max bucket size 4 , backward 1.
        Unrouted nets 1 at the end of iteration 31.
    route iteration 31, CPU time elapsed 0.000000 sec.
    forward max bucket size 4 , backward 1.
        Unrouted nets 1 at the end of iteration 32.
    route iteration 32, CPU time elapsed 0.000000 sec.
    forward max bucket size 4 , backward 1.
        Unrouted nets 1 at the end of iteration 33.
    route iteration 33, CPU time elapsed 0.000000 sec.
    forward max bucket size 4 , backward 1.
        Unrouted nets 1 at the end of iteration 34.
    route iteration 34, CPU time elapsed 0.015625 sec.
    forward max bucket size 4 , backward 1.
        Unrouted nets 1 at the end of iteration 35.
    route iteration 35, CPU time elapsed 0.000000 sec.
    forward max bucket size 4 , backward 1.
        Unrouted nets 1 at the end of iteration 36.
    route iteration 36, CPU time elapsed 0.000000 sec.
    forward max bucket size 4 , backward 1.
        Unrouted nets 1 at the end of iteration 37.
    route iteration 37, CPU time elapsed 0.000000 sec.
    forward max bucket size 4 , backward 1.
        Unrouted nets 1 at the end of iteration 38.
    route iteration 38, CPU time elapsed 0.000000 sec.
    forward max bucket size 4 , backward 1.
        Unrouted nets 1 at the end of iteration 39.
    route iteration 39, CPU time elapsed 0.015625 sec.
    forward max bucket size 4 , backward 1.
        Unrouted nets 1 at the end of iteration 40.
    route iteration 40, CPU time elapsed 0.000000 sec.
    forward max bucket size 4 , backward 1.
        Unrouted nets 1 at the end of iteration 41.
    route iteration 41, CPU time elapsed 0.000000 sec.
    forward max bucket size 4 , backward 1.
        Unrouted nets 1 at the end of iteration 42.
    route iteration 42, CPU time elapsed 0.000000 sec.
    forward max bucket size 4 , backward 1.
        Unrouted nets 1 at the end of iteration 43.
    route iteration 43, CPU time elapsed 0.015625 sec.
    forward max bucket size 4 , backward 1.
        Unrouted nets 1 at the end of iteration 44.
    route iteration 44, CPU time elapsed 0.000000 sec.
    forward max bucket size 4 , backward 1.
        Unrouted nets 1 at the end of iteration 45.
    route iteration 45, CPU time elapsed 0.000000 sec.
    forward max bucket size 4 , backward 1.
        Unrouted nets 1 at the end of iteration 46.
    route iteration 46, CPU time elapsed 0.000000 sec.
    forward max bucket size 4 , backward 1.
        Unrouted nets 1 at the end of iteration 47.
    route iteration 47, CPU time elapsed 0.000000 sec.
    forward max bucket size 4 , backward 1.
        Unrouted nets 1 at the end of iteration 48.
    route iteration 48, CPU time elapsed 0.000000 sec.
    forward max bucket size 4 , backward 1.
        Unrouted nets 1 at the end of iteration 49.
    route iteration 49, CPU time elapsed 0.000000 sec.
    forward max bucket size 4 , backward 1.
        Unrouted nets 1 at the end of iteration 50.
    route iteration 50, CPU time elapsed 0.000000 sec.
    forward max bucket size 4 , backward 1.
        Unrouted nets 1 at the end of iteration 51.
    route iteration 51, CPU time elapsed 0.000000 sec.
    forward max bucket size 4 , backward 1.
        Unrouted nets 1 at the end of iteration 52.
    route iteration 52, CPU time elapsed 0.000000 sec.
    forward max bucket size 4 , backward 1.
        Unrouted nets 1 at the end of iteration 53.
    route iteration 53, CPU time elapsed 0.000000 sec.
    forward max bucket size 4 , backward 1.
        Unrouted nets 1 at the end of iteration 54.
    route iteration 54, CPU time elapsed 0.000000 sec.
    forward max bucket size 4 , backward 1.
        Unrouted nets 1 at the end of iteration 55.
    route iteration 55, CPU time elapsed 0.000000 sec.
    forward max bucket size 4 , backward 1.
        Unrouted nets 1 at the end of iteration 56.
    route iteration 56, CPU time elapsed 0.000000 sec.
    forward max bucket size 4 , backward 1.
        Unrouted nets 1 at the end of iteration 57.
    route iteration 57, CPU time elapsed 0.000000 sec.
    forward max bucket size 4 , backward 1.
        Unrouted nets 1 at the end of iteration 58.
    route iteration 58, CPU time elapsed 0.000000 sec.
    forward max bucket size 4 , backward 1.
        Unrouted nets 1 at the end of iteration 59.
    route iteration 59, CPU time elapsed 0.000000 sec.
    forward max bucket size 4 , backward 1.
        Unrouted nets 1 at the end of iteration 60.
    route iteration 60, CPU time elapsed 0.000000 sec.
    forward max bucket size 4 , backward 1.
        Unrouted nets 1 at the end of iteration 61.
    route iteration 61, CPU time elapsed 0.000000 sec.
    forward max bucket size 4 , backward 1.
        Unrouted nets 1 at the end of iteration 62.
    route iteration 62, CPU time elapsed 0.015625 sec.
    forward max bucket size 4 , backward 1.
        Unrouted nets 1 at the end of iteration 63.
    route iteration 63, CPU time elapsed 0.000000 sec.
    forward max bucket size 4 , backward 1.
        Unrouted nets 1 at the end of iteration 64.
    route iteration 64, CPU time elapsed 0.000000 sec.
    forward max bucket size 4 , backward 1.
        Unrouted nets 1 at the end of iteration 65.
    route iteration 65, CPU time elapsed 0.000000 sec.
    forward max bucket size 4 , backward 1.
        Unrouted nets 1 at the end of iteration 66.
    route iteration 66, CPU time elapsed 0.000000 sec.
    forward max bucket size 4 , backward 1.
        Unrouted nets 1 at the end of iteration 67.
    route iteration 67, CPU time elapsed 0.015625 sec.
    forward max bucket size 4 , backward 1.
        Unrouted nets 1 at the end of iteration 68.
    route iteration 68, CPU time elapsed 0.000000 sec.
    forward max bucket size 4 , backward 1.
        Unrouted nets 1 at the end of iteration 69.
    route iteration 69, CPU time elapsed 0.000000 sec.
    forward max bucket size 4 , backward 1.
        Unrouted nets 1 at the end of iteration 70.
    route iteration 70, CPU time elapsed 0.000000 sec.
    forward max bucket size 4 , backward 1.
        Unrouted nets 1 at the end of iteration 71.
    route iteration 71, CPU time elapsed 0.000000 sec.
    forward max bucket size 4 , backward 1.
        Unrouted nets 1 at the end of iteration 72.
    route iteration 72, CPU time elapsed 0.000000 sec.
    forward max bucket size 4 , backward 1.
        Unrouted nets 1 at the end of iteration 73.
    route iteration 73, CPU time elapsed 0.000000 sec.
    forward max bucket size 4 , backward 1.
        Unrouted nets 1 at the end of iteration 74.
    route iteration 74, CPU time elapsed 0.000000 sec.
    forward max bucket size 4 , backward 1.
        Unrouted nets 1 at the end of iteration 75.
    route iteration 75, CPU time elapsed 0.000000 sec.
    forward max bucket size 4 , backward 1.
        Unrouted nets 1 at the end of iteration 76.
    route iteration 76, CPU time elapsed 0.000000 sec.
    forward max bucket size 4 , backward 1.
        Unrouted nets 1 at the end of iteration 77.
    route iteration 77, CPU time elapsed 0.015625 sec.
    forward max bucket size 4 , backward 1.
        Unrouted nets 1 at the end of iteration 78.
    route iteration 78, CPU time elapsed 0.000000 sec.
    forward max bucket size 4 , backward 1.
        Unrouted nets 1 at the end of iteration 79.
    route iteration 79, CPU time elapsed 0.000000 sec.
    forward max bucket size 4 , backward 1.
        Unrouted nets 1 at the end of iteration 80.
    route iteration 80, CPU time elapsed 0.000000 sec.
    forward max bucket size 4 , backward 1.
        Unrouted nets 1 at the end of iteration 81.
    route iteration 81, CPU time elapsed 0.000000 sec.
    forward max bucket size 4 , backward 1.
        Unrouted nets 1 at the end of iteration 82.
    route iteration 82, CPU time elapsed 0.000000 sec.
    forward max bucket size 4 , backward 1.
        Unrouted nets 1 at the end of iteration 83.
    route iteration 83, CPU time elapsed 0.000000 sec.
    forward max bucket size 4 , backward 1.
        Unrouted nets 1 at the end of iteration 84.
    route iteration 84, CPU time elapsed 0.000000 sec.
    forward max bucket size 4 , backward 1.
        Unrouted nets 1 at the end of iteration 85.
    route iteration 85, CPU time elapsed 0.000000 sec.
    forward max bucket size 4 , backward 1.
        Unrouted nets 1 at the end of iteration 86.
    route iteration 86, CPU time elapsed 0.000000 sec.
    forward max bucket size 4 , backward 1.
        Unrouted nets 1 at the end of iteration 87.
    route iteration 87, CPU time elapsed 0.000000 sec.
    forward max bucket size 4 , backward 1.
        Unrouted nets 1 at the end of iteration 88.
    route iteration 88, CPU time elapsed 0.000000 sec.
    forward max bucket size 4 , backward 1.
        Unrouted nets 1 at the end of iteration 89.
    route iteration 89, CPU time elapsed 0.000000 sec.
    forward max bucket size 4 , backward 1.
        Unrouted nets 1 at the end of iteration 90.
    route iteration 90, CPU time elapsed 0.000000 sec.
    forward max bucket size 4 , backward 1.
        Unrouted nets 1 at the end of iteration 91.
    route iteration 91, CPU time elapsed 0.000000 sec.
    forward max bucket size 4 , backward 1.
        Unrouted nets 1 at the end of iteration 92.
    route iteration 92, CPU time elapsed 0.000000 sec.
    forward max bucket size 4 , backward 1.
        Unrouted nets 1 at the end of iteration 93.
    route iteration 93, CPU time elapsed 0.000000 sec.
    forward max bucket size 4 , backward 1.
        Unrouted nets 1 at the end of iteration 94.
    route iteration 94, CPU time elapsed 0.015625 sec.
    forward max bucket size 4 , backward 1.
        Unrouted nets 1 at the end of iteration 95.
    route iteration 95, CPU time elapsed 0.000000 sec.
    forward max bucket size 4 , backward 1.
        Unrouted nets 1 at the end of iteration 96.
    route iteration 96, CPU time elapsed 0.000000 sec.
    forward max bucket size 4 , backward 1.
        Unrouted nets 1 at the end of iteration 97.
    route iteration 97, CPU time elapsed 0.000000 sec.
    forward max bucket size 4 , backward 1.
        Unrouted nets 1 at the end of iteration 98.
    route iteration 98, CPU time elapsed 0.000000 sec.
    forward max bucket size 4 , backward 1.
        Unrouted nets 1 at the end of iteration 99.
    route iteration 99, CPU time elapsed 0.000000 sec.
    forward max bucket size 4 , backward 1.
        Unrouted nets 1 at the end of iteration 100.
    route iteration 100, CPU time elapsed 0.000000 sec.
    forward max bucket size 4 , backward 1.
        Unrouted nets 1 at the end of iteration 101.
    route iteration 101, CPU time elapsed 0.000000 sec.
    forward max bucket size 4 , backward 1.
        Unrouted nets 1 at the end of iteration 102.
    route iteration 102, CPU time elapsed 0.000000 sec.
    forward max bucket size 4 , backward 1.
        Unrouted nets 1 at the end of iteration 103.
    route iteration 103, CPU time elapsed 0.000000 sec.
    forward max bucket size 4 , backward 1.
        Unrouted nets 1 at the end of iteration 104.
    route iteration 104, CPU time elapsed 0.000000 sec.
    forward max bucket size 4 , backward 1.
        Unrouted nets 1 at the end of iteration 105.
    route iteration 105, CPU time elapsed 0.000000 sec.
    forward max bucket size 4 , backward 1.
        Unrouted nets 1 at the end of iteration 106.
    route iteration 106, CPU time elapsed 0.000000 sec.
    forward max bucket size 4 , backward 1.
        Unrouted nets 1 at the end of iteration 107.
    route iteration 107, CPU time elapsed 0.015625 sec.
    Unrouted nets 3 at the end of fading iteration 11.
    Unrouted nets 8 at the end of fading iteration 10.
    Unrouted nets 3 at the end of fading iteration 9.
    Unrouted nets 2 at the end of fading iteration 8.
    Unrouted nets 0 at the end of fading iteration 7.
C: Route-2036: The clock path from u_ad7606/u_parallel_adc_capture/clk_adc_par/opit_0_inv_L5Q:Q to u_ad7606/u_parallel_adc_capture/adc_ch1_data_out[14]/opit_0_inv:CLK is routed by SRB.
Detailed routing takes 1.11 sec.
Start fix hold violation.
Build tmp routing results takes 0.00 sec.
Timing analysis takes 0.11 sec.
Hold violation fix iter 0 takes 0.14 sec, total_step_forward 1994.
Incremental timing analysis takes 0.08 sec.
Hold violation fix iter 1 takes 0.00 sec, total_step_forward 71.
Incremental timing analysis takes 0.08 sec.
Hold violation fix iter 2 takes 0.00 sec, total_step_forward 0.
Fix hold violation Finished.
Hold Violation Fix in router takes 0.47 sec.

Dispose routing result:
    Collect routing result.
    Delete unused device instances.
    Annotate routing result.
    Change LUT configuration.
    Dispose misc instances.
    Annotate routing result again.
Finish routing takes 0.05 sec.
Used srb routing arc is 9253.
Cleanup routing takes 0.03 sec.
Routing done.
Total routing takes 4.41 sec.


Device Utilization Summary :
+----------------------------------------------------------------------------+
| Logic Utilization        | Used     | Available     | Utilization(%)     
+----------------------------------------------------------------------------+
| Use of APM               | 0        | 40            | 0                   
| Use of BKCL              | 2        | 4             | 50                  
| Use of CLMA              | 99       | 3748          | 3                   
|   FF                     | 219      | 22488         | 1                   
|   LUT                    | 248      | 14992         | 2                   
|   LUT-FF pairs           | 57       | 14992         | 1                   
| Use of CLMS              | 91       | 1892          | 5                   
|   FF                     | 83       | 11352         | 1                   
|   LUT                    | 213      | 7568          | 3                   
|   LUT-FF pairs           | 26       | 7568          | 1                   
|   Distributed RAM        | 128      | 7568          | 2                   
| Use of CRYSTAL           | 0        | 4             | 0                   
| Use of DLL               | 0        | 8             | 0                   
| Use of DQSL              | 0        | 12            | 0                   
| Use of DRM               | 0        | 60            | 0                   
| Use of FUSECODE          | 0        | 1             | 0                   
| Use of HARD0N1           | 24       | 3480          | 1                   
| Use of IO                | 38       | 226           | 17                  
|   IOBD                   | 12       | 57            | 22                  
|   IOBR                   | 3        | 12            | 25                  
|   IOBS                   | 23       | 157           | 15                  
| Use of IOCKDIV           | 0        | 16            | 0                   
| Use of IOCKDLY           | 0        | 32            | 0                   
| Use of IOCKGATE          | 0        | 16            | 0                   
| Use of IOCKGMUX_TEST     | 0        | 16            | 0                   
| Use of IOL               | 38       | 308           | 13                  
| Use of IPAL              | 0        | 1             | 0                   
| Use of MFG_TEST          | 0        | 1             | 0                   
| Use of OSC               | 0        | 1             | 0                   
| Use of PLL               | 1        | 4             | 25                  
| Use of PREGMUX_TEST      | 0        | 4             | 0                   
| Use of RCKB              | 0        | 16            | 0                   
| Use of RCKBMUX_TEST      | 0        | 8             | 0                   
| Use of RESCAL            | 0        | 4             | 0                   
| Use of SCANCHAIN         | 0        | 2             | 0                   
| Use of START             | 1        | 1             | 100                 
| Use of UDID              | 0        | 1             | 0                   
| Use of USCM              | 4        | 30            | 14                  
| Use of USCMMUX_TEST      | 0        | 30            | 0                   
| Use of VCKBMUX_TEST      | 0        | 8             | 0                   
+----------------------------------------------------------------------------+

Finished routing. (CPU time elapsed 0h:00m:10s)
Design 'ad7606_csi' has been placed and routed successfully.
Saving design to DB.
Action pnr: Real time elapsed is 18.000 sec
Action pnr: CPU time elapsed is 14.094 sec
Current time: Thu Aug 15 14:41:13 2024
Action pnr: Peak memory pool usage is 505,864,192 bytes
Finished placement and routing. (CPU time elapsed 0h:00m:10s)
