#Build: Fabric Compiler 2021.1-SP7.1-NL, Build 128400, Jul 03 17:24 2023
#Install: D:\pango\PDS_2021.1-SP7.1-NL\bin
#Application name: pds_shell.exe
#OS: Windows 10 10.0.22631
#Hostname: Yan
Generated by Fabric Compiler (version 2021.1-SP7.1-NL build 128400) at Thu Aug 15 14:41:21 2024
Compiling verification operator library.
Compiling common defs.
Compiling prim grid devices.
Compiling gate devices.
Compiling gate operators.
Building architecture model.
Loading device packaging model.
Reading design from DB.
Start Generating Programming File...
Reading design from DB takes 0.187500 sec.
Generating architecture configuration.
The bitstream file is "C:/Users/yanqs/Desktop/csi_ad/ad7606_csi/project/ad7606_csi_pgl25g/generate_bitstream/ad7606_csi.sbit"
Generate programming file takes 4.984375 sec.
Generating Programming File done.
Action gen_bit_stream: Real time elapsed is 11.000 sec
Action gen_bit_stream: CPU time elapsed is 8.328 sec
Current time: Thu Aug 15 14:41:31 2024
Action gen_bit_stream: Peak memory pool usage is 368,885,760 bytes
