E13|IOBS_205_252|BANK0|adc_data[9]|input|YES
A15|IOBS_213_252|BANK0|adc_data[11]|input|YES
C14|IOBS_221_252|BANK0|adc_data[13]|input|YES
A16|IOBS_225_252|BANK0|adc_data[15]|input|YES
C11|IOBS_125_252|BANK0|adc_data[3]|input|YES
A10|IOBS_129_252|BANK0|adc_data[5]|input|YES
C9|IOBS_113_252|BANK0|adc_rd_n|output|YES
C8|IOBS_97_252|BANK0|||
A8|IOBS_109_252|BANK0|adc_range|output|YES
A2|IOBS_21_252|BANK0|||
C6|IOBS_29_252|BANK0|||
A3|IOBS_37_252|BANK0|||
A4|IOBS_45_252|BANK0|||
A5|IOBS_49_252|BANK0|||
A7|IOBS_61_252|BANK0|||
A9|IOBS_121_252|BANK0|adc_busy|input|YES
A11|IOBS_145_252|BANK0|adc_convst_b|output|YES
F10|IOBS_149_252|BANK0|||
A12|IOBS_153_252|BANK0|adc_reset|output|YES
E11|IOBS_161_252|BANK0|||
C12|IOBS_165_252|BANK0|||
A13|IOBS_185_252|BANK0|adc_data[1]|input|YES
E12|IOBS_193_252|BANK0|||
F13|IOBD_204_252|BANK0|adc_data[8]|input|YES
C15|IOBD_212_252|BANK0|adc_data[10]|input|YES
D14|IOBD_220_252|BANK0|adc_data[12]|input|YES
B16|IOBD_224_252|BANK0|adc_data[14]|input|YES
G9|IOBD_132_252|BANK0|adc_os[0]|output|YES
D11|IOBD_124_252|BANK0|adc_data[2]|input|YES
C10|IOBD_128_252|BANK0|adc_data[4]|input|YES
B9|IOBD_120_252|BANK0|||
D8|IOBD_96_252|BANK0|||
B8|IOBD_108_252|BANK0|||
B6|IOBD_64_252|BANK0|||
B2|IOBD_20_252|BANK0|||
D6|IOBD_28_252|BANK0|||
B3|IOBD_36_252|BANK0|||
B4|IOBD_44_252|BANK0|||
C5|IOBD_48_252|BANK0|||
C7|IOBD_60_252|BANK0|||
D4|IOBD_16_252|BANK0|||
D9|IOBD_112_252|BANK0|adc_convst_a|output|YES
B11|IOBD_144_252|BANK0|adc_os[2]|output|YES
G11|IOBD_148_252|BANK0|||
B12|IOBD_152_252|BANK0|adc_cs_n|output|YES
F11|IOBD_160_252|BANK0|||
D12|IOBD_164_252|BANK0|||
C13|IOBD_184_252|BANK0|adc_data[0]|input|YES
F12|IOBD_192_252|BANK0|||
B14|IOBD_196_252|BANK0|adc_data[6]|input|YES
F9|IOBR_133_252|BANK0|adc_os[1]|output|YES
A6|IOBR_65_252|BANK0|||
C4|IOBR_17_252|BANK0|||
A14|IOBR_197_252|BANK0|adc_data[7]|input|YES
P15|IOBS_244_9|BANK1|||
L14|IOBS_244_21|BANK1|||
M14|IOBS_244_41|BANK1|||
U17|IOBS_244_45|BANK1|||
T17|IOBS_244_49|BANK1|||
N15|IOBS_244_53|BANK1|||
P17|IOBS_244_77|BANK1|||
N17|IOBS_244_81|BANK1|||
M16|IOBS_244_89|BANK1|||
L17|IOBS_244_93|BANK1|||
K17|IOBS_244_105|BANK1|||
J16|IOBS_244_109|BANK1|||
H17|IOBS_244_113|BANK1|sys_clk|input|YES
L15|IOBS_244_117|BANK1|||
D17|IOBS_244_201|BANK1|csi_data[2]|output|YES
F14|IOBS_244_205|BANK1|csi_data[0]|output|YES
C17|IOBS_244_209|BANK1|||
F15|IOBS_244_245|BANK1|csi_pclk|output|YES
K15|IOBS_244_133|BANK1|||
L12|IOBS_244_137|BANK1|||
J13|IOBS_244_141|BANK1|||
G16|IOBS_244_145|BANK1|||
H15|IOBS_244_149|BANK1|||
H13|IOBS_244_161|BANK1|||
F17|IOBS_244_165|BANK1|||
K12|IOBS_244_169|BANK1|||
E16|IOBS_244_173|BANK1|csi_data[6]|output|YES
H12|IOBS_244_177|BANK1|csi_data[4]|output|YES
N14|IOBR_244_40|BANK1|||
F16|IOBR_244_244|BANK1|csi_hsync|output|YES
M13|IOBS_244_20|BANK1|||
U18|IOBS_244_44|BANK1|||
T18|IOBS_244_48|BANK1|||
N16|IOBS_244_52|BANK1|||
P18|IOBS_244_76|BANK1|||
N18|IOBS_244_80|BANK1|||
M18|IOBS_244_88|BANK1|||
L18|IOBS_244_92|BANK1|||
K18|IOBS_244_104|BANK1|||
J18|IOBS_244_108|BANK1|||
H18|IOBS_244_112|BANK1|||
L16|IOBS_244_116|BANK1|||
D18|IOBS_244_200|BANK1|csi_data[3]|output|YES
G14|IOBS_244_204|BANK1|csi_data[1]|output|YES
C18|IOBS_244_208|BANK1|csi_vsync|output|YES
K16|IOBS_244_132|BANK1|||
L13|IOBS_244_136|BANK1|||
K14|IOBS_244_140|BANK1|||
G18|IOBS_244_144|BANK1|||
H16|IOBS_244_148|BANK1|||
H14|IOBS_244_160|BANK1|||
F18|IOBS_244_164|BANK1|||
K13|IOBS_244_168|BANK1|||
E18|IOBS_244_172|BANK1|csi_data[7]|output|YES
G13|IOBS_244_176|BANK1|csi_data[5]|output|YES
P16|IOBS_244_8|BANK1|||
T11|IOBR_184_0|BANK2|||
T5|IOBR_76_0|BANK2|||
V8|IOBR_120_0|BANK2|||
N11|IOBS_192_0|BANK2|||
V13|IOBS_196_0|BANK2|||
P12|IOBS_204_0|BANK2|||
V14|IOBS_212_0|BANK2|||
V15|IOBS_220_0|BANK2|||
T13|IOBS_224_0|BANK2|||
V16|IOBS_228_0|BANK2|||
T15|IOBS_232_0|BANK2|||
V9|IOBS_128_0|BANK2|||
T8|IOBS_132_0|BANK2|||
V10|IOBS_144_0|BANK2|||
T10|IOBS_148_0|BANK2|||
V11|IOBS_152_0|BANK2|||
N9|IOBS_160_0|BANK2|||
P11|IOBS_176_0|BANK2|||
V12|IOBS_180_0|BANK2|||
N8|IOBS_124_0|BANK2|||
P7|IOBS_80_0|BANK2|||
T7|IOBS_88_0|BANK2|||
V6|IOBS_92_0|BANK2|||
P8|IOBS_96_0|BANK2|||
V7|IOBS_108_0|BANK2|||
V3|IOBS_8_0|BANK2|||
P6|IOBS_12_0|BANK2|||
V4|IOBS_16_0|BANK2|||
T3|IOBS_20_0|BANK2|||
V5|IOBS_68_0|BANK2|||
M11|IOBD_193_0|BANK2|||
U13|IOBD_197_0|BANK2|||
N12|IOBD_205_0|BANK2|||
T14|IOBD_213_0|BANK2|||
U15|IOBD_221_0|BANK2|||
R13|IOBD_225_0|BANK2|||
U16|IOBD_229_0|BANK2|||
R15|IOBD_233_0|BANK2|||
R11|IOBD_185_0|BANK2|||
T9|IOBD_129_0|BANK2|||
R8|IOBD_133_0|BANK2|||
U10|IOBD_145_0|BANK2|||
R10|IOBD_149_0|BANK2|||
U11|IOBD_153_0|BANK2|||
M10|IOBD_161_0|BANK2|||
N10|IOBD_177_0|BANK2|||
T12|IOBD_181_0|BANK2|||
M8|IOBD_125_0|BANK2|||
U8|IOBD_121_0|BANK2|||
N6|IOBD_81_0|BANK2|||
R7|IOBD_89_0|BANK2|||
T6|IOBD_93_0|BANK2|||
N7|IOBD_97_0|BANK2|||
U7|IOBD_109_0|BANK2|||
R5|IOBD_77_0|BANK2|||
U3|IOBD_9_0|BANK2|||
N5|IOBD_13_0|BANK2|||
T4|IOBD_17_0|BANK2|||
R3|IOBD_21_0|BANK2|||
U5|IOBD_69_0|BANK2|||
U2|IOBS_0_44|BANK3|||
T2|IOBS_0_48|BANK3|||
P2|IOBS_0_52|BANK3|||
N2|IOBS_0_76|BANK3|||
M3|IOBS_0_80|BANK3|||
L2|IOBS_0_88|BANK3|||
K2|IOBS_0_92|BANK3|||
L4|IOBS_0_104|BANK3|||
J3|IOBS_0_108|BANK3|||
H2|IOBS_0_112|BANK3|||
K4|IOBS_0_116|BANK3|||
C2|IOBS_0_244|BANK3|||
N4|IOBS_0_8|BANK3|||
L5|IOBS_0_132|BANK3|||
H4|IOBS_0_136|BANK3|||
L7|IOBS_0_140|BANK3|||
G3|IOBS_0_144|BANK3|||
J7|IOBS_0_148|BANK3|||
F2|IOBS_0_160|BANK3|||
H6|IOBS_0_164|BANK3|||
E3|IOBS_0_168|BANK3|||
F4|IOBS_0_172|BANK3|||
D2|IOBS_0_176|BANK3|||
L6|IOBS_0_40|BANK3|||
P4|IOBS_0_12|BANK3|||
H7|IOBS_0_200|BANK3|||
E4|IOBS_0_204|BANK3|||
F6|IOBS_0_208|BANK3|||
N3|IOBR_0_9|BANK3|||
M5|IOBR_0_41|BANK3|||
C1|IOBR_0_245|BANK3|||
U1|IOBS_0_45|BANK3|||
T1|IOBS_0_49|BANK3|||
P1|IOBS_0_53|BANK3|||
N1|IOBS_0_77|BANK3|||
M1|IOBS_0_81|BANK3|||
L1|IOBS_0_89|BANK3|||
K1|IOBS_0_93|BANK3|||
L3|IOBS_0_105|BANK3|||
J1|IOBS_0_109|BANK3|||
H1|IOBS_0_113|BANK3|||
K3|IOBS_0_117|BANK3|||
K5|IOBS_0_133|BANK3|||
H3|IOBS_0_137|BANK3|||
K6|IOBS_0_141|BANK3|||
G1|IOBS_0_145|BANK3|||
J6|IOBS_0_149|BANK3|||
F1|IOBS_0_161|BANK3|||
H5|IOBS_0_165|BANK3|||
E1|IOBS_0_169|BANK3|||
F3|IOBS_0_173|BANK3|||
D1|IOBS_0_177|BANK3|||
G6|IOBS_0_201|BANK3|||
D3|IOBS_0_205|BANK3|||
F5|IOBS_0_209|BANK3|||
P3|IOBS_0_13|BANK3|||
