#Build: Fabric Compiler 2021.1-SP7.1-NL, Build 128400, Jul 03 17:24 2023
#Install: D:\pango\PDS_2021.1-SP7.1-NL\bin
#Application name: pds_shell.exe
#OS: Windows 10 10.0.22631
#Hostname: Yan
Generated by Fabric Compiler (version 2021.1-SP7.1-NL build 128400) at Thu Aug 15 14:41:14 2024
Compiling verification operator library.
Compiling common defs.
Compiling prim grid devices.
Compiling gate devices.
Compiling gate operators.
Building architecture model.
Loading device packaging model.
Reading design from pnr DB.
Start Report Post-PnR timing.
Constructing timing graph ...
Timing graph has been constructed successfully
W: STA-3011: Clock pin 'u_ad7606/u_parallel_adc_capture/adc_ch1_data_out[0]/opit_0_inv/CLK' (gopQ.CLK) has no clock, timing propagation is disabled at the pin.
W: STA-3011: Clock pin 'u_ad7606/u_parallel_adc_capture/adc_ch1_data_out[1]/opit_0_inv/CLK' (gopQ.CLK) has no clock, timing propagation is disabled at the pin.
W: STA-3011: Clock pin 'u_ad7606/u_parallel_adc_capture/adc_ch1_data_out[2]/opit_0_inv/CLK' (gopQ.CLK) has no clock, timing propagation is disabled at the pin.
W: STA-3011: Clock pin 'u_ad7606/u_parallel_adc_capture/adc_ch1_data_out[3]/opit_0_inv/CLK' (gopQ.CLK) has no clock, timing propagation is disabled at the pin.
W: STA-3011: Clock pin 'u_ad7606/u_parallel_adc_capture/adc_ch1_data_out[4]/opit_0_inv/CLK' (gopQ.CLK) has no clock, timing propagation is disabled at the pin.
W: STA-3011: Clock pin 'u_ad7606/u_parallel_adc_capture/adc_ch1_data_out[5]/opit_0_inv/CLK' (gopQ.CLK) has no clock, timing propagation is disabled at the pin.
W: STA-3011: Clock pin 'u_ad7606/u_parallel_adc_capture/adc_ch1_data_out[6]/opit_0_inv/CLK' (gopQ.CLK) has no clock, timing propagation is disabled at the pin.
W: STA-3011: Clock pin 'u_ad7606/u_parallel_adc_capture/adc_ch1_data_out[7]/opit_0_inv/CLK' (gopQ.CLK) has no clock, timing propagation is disabled at the pin.
W: STA-3011: Clock pin 'u_ad7606/u_parallel_adc_capture/adc_ch1_data_out[8]/opit_0_inv/CLK' (gopQ.CLK) has no clock, timing propagation is disabled at the pin.
W: STA-3011: Clock pin 'u_ad7606/u_parallel_adc_capture/adc_ch1_data_out[9]/opit_0_inv/CLK' (gopQ.CLK) has no clock, timing propagation is disabled at the pin.
W: STA-3011: Clock pin 'u_ad7606/u_parallel_adc_capture/adc_ch1_data_out[10]/opit_0_inv/CLK' (gopQ.CLK) has no clock, timing propagation is disabled at the pin.
W: STA-3011: Clock pin 'u_ad7606/u_parallel_adc_capture/adc_ch1_data_out[11]/opit_0_inv/CLK' (gopQ.CLK) has no clock, timing propagation is disabled at the pin.
W: STA-3011: Clock pin 'u_ad7606/u_parallel_adc_capture/adc_ch1_data_out[12]/opit_0_inv/CLK' (gopQ.CLK) has no clock, timing propagation is disabled at the pin.
W: STA-3011: Clock pin 'u_ad7606/u_parallel_adc_capture/adc_ch1_data_out[13]/opit_0_inv/CLK' (gopQ.CLK) has no clock, timing propagation is disabled at the pin.
W: STA-3011: Clock pin 'u_ad7606/u_parallel_adc_capture/adc_ch1_data_out[14]/opit_0_inv/CLK' (gopQ.CLK) has no clock, timing propagation is disabled at the pin.
W: STA-3011: Clock pin 'u_ad7606/u_parallel_adc_capture/adc_ch1_data_out[15]/opit_0_inv/CLK' (gopQ.CLK) has no clock, timing propagation is disabled at the pin.
W: STA-3011: Clock pin 'u_ad7606/u_parallel_adc_capture/adc_ch2_data_out[0]/opit_0_inv/CLK' (gopQ.CLK) has no clock, timing propagation is disabled at the pin.
W: STA-3011: Clock pin 'u_ad7606/u_parallel_adc_capture/adc_ch2_data_out[1]/opit_0_inv/CLK' (gopQ.CLK) has no clock, timing propagation is disabled at the pin.
W: STA-3011: Clock pin 'u_ad7606/u_parallel_adc_capture/adc_ch2_data_out[2]/opit_0_inv/CLK' (gopQ.CLK) has no clock, timing propagation is disabled at the pin.
W: STA-3011: Clock pin 'u_ad7606/u_parallel_adc_capture/adc_ch2_data_out[3]/opit_0_inv/CLK' (gopQ.CLK) has no clock, timing propagation is disabled at the pin.
W: STA-3011: Clock pin 'u_ad7606/u_parallel_adc_capture/adc_ch2_data_out[4]/opit_0_inv/CLK' (gopQ.CLK) has no clock, timing propagation is disabled at the pin.
W: STA-3011: Clock pin 'u_ad7606/u_parallel_adc_capture/adc_ch2_data_out[5]/opit_0_inv/CLK' (gopQ.CLK) has no clock, timing propagation is disabled at the pin.
W: STA-3011: Clock pin 'u_ad7606/u_parallel_adc_capture/adc_ch2_data_out[6]/opit_0_inv/CLK' (gopQ.CLK) has no clock, timing propagation is disabled at the pin.
W: STA-3011: Clock pin 'u_ad7606/u_parallel_adc_capture/adc_ch2_data_out[7]/opit_0_inv/CLK' (gopQ.CLK) has no clock, timing propagation is disabled at the pin.
W: STA-3011: Clock pin 'u_ad7606/u_parallel_adc_capture/adc_ch2_data_out[8]/opit_0_inv/CLK' (gopQ.CLK) has no clock, timing propagation is disabled at the pin.
W: STA-3011: Clock pin 'u_ad7606/u_parallel_adc_capture/adc_ch2_data_out[9]/opit_0_inv/CLK' (gopQ.CLK) has no clock, timing propagation is disabled at the pin.
W: STA-3011: Clock pin 'u_ad7606/u_parallel_adc_capture/adc_ch2_data_out[10]/opit_0_inv/CLK' (gopQ.CLK) has no clock, timing propagation is disabled at the pin.
W: STA-3011: Clock pin 'u_ad7606/u_parallel_adc_capture/adc_ch2_data_out[11]/opit_0_inv/CLK' (gopQ.CLK) has no clock, timing propagation is disabled at the pin.
W: STA-3011: Clock pin 'u_ad7606/u_parallel_adc_capture/adc_ch2_data_out[12]/opit_0_inv/CLK' (gopQ.CLK) has no clock, timing propagation is disabled at the pin.
W: STA-3011: Clock pin 'u_ad7606/u_parallel_adc_capture/adc_ch2_data_out[13]/opit_0_inv/CLK' (gopQ.CLK) has no clock, timing propagation is disabled at the pin.
W: STA-3011: Clock pin 'u_ad7606/u_parallel_adc_capture/adc_ch2_data_out[14]/opit_0_inv/CLK' (gopQ.CLK) has no clock, timing propagation is disabled at the pin.
W: STA-3011: Clock pin 'u_ad7606/u_parallel_adc_capture/adc_ch2_data_out[15]/opit_0_inv/CLK' (gopQ.CLK) has no clock, timing propagation is disabled at the pin.
W: STA-3011: Clock pin 'u_ad7606/u_parallel_adc_capture/adc_ch3_data_out[0]/opit_0_inv/CLK' (gopQ.CLK) has no clock, timing propagation is disabled at the pin.
W: STA-3011: Clock pin 'u_ad7606/u_parallel_adc_capture/adc_ch3_data_out[1]/opit_0_inv/CLK' (gopQ.CLK) has no clock, timing propagation is disabled at the pin.
W: STA-3011: Clock pin 'u_ad7606/u_parallel_adc_capture/adc_ch3_data_out[2]/opit_0_inv/CLK' (gopQ.CLK) has no clock, timing propagation is disabled at the pin.
W: STA-3011: Clock pin 'u_ad7606/u_parallel_adc_capture/adc_ch3_data_out[3]/opit_0_inv/CLK' (gopQ.CLK) has no clock, timing propagation is disabled at the pin.
W: STA-3011: Clock pin 'u_ad7606/u_parallel_adc_capture/adc_ch3_data_out[4]/opit_0_inv/CLK' (gopQ.CLK) has no clock, timing propagation is disabled at the pin.
W: STA-3011: Clock pin 'u_ad7606/u_parallel_adc_capture/adc_ch3_data_out[5]/opit_0_inv/CLK' (gopQ.CLK) has no clock, timing propagation is disabled at the pin.
W: STA-3011: Clock pin 'u_ad7606/u_parallel_adc_capture/adc_ch3_data_out[6]/opit_0_inv/CLK' (gopQ.CLK) has no clock, timing propagation is disabled at the pin.
W: STA-3011: Clock pin 'u_ad7606/u_parallel_adc_capture/adc_ch3_data_out[7]/opit_0_inv/CLK' (gopQ.CLK) has no clock, timing propagation is disabled at the pin.
W: STA-3011: Clock pin 'u_ad7606/u_parallel_adc_capture/adc_ch3_data_out[8]/opit_0_inv/CLK' (gopQ.CLK) has no clock, timing propagation is disabled at the pin.
W: STA-3011: Clock pin 'u_ad7606/u_parallel_adc_capture/adc_ch3_data_out[9]/opit_0_inv/CLK' (gopQ.CLK) has no clock, timing propagation is disabled at the pin.
W: STA-3011: Clock pin 'u_ad7606/u_parallel_adc_capture/adc_ch3_data_out[10]/opit_0_inv/CLK' (gopQ.CLK) has no clock, timing propagation is disabled at the pin.
W: STA-3011: Clock pin 'u_ad7606/u_parallel_adc_capture/adc_ch3_data_out[11]/opit_0_inv/CLK' (gopQ.CLK) has no clock, timing propagation is disabled at the pin.
W: STA-3011: Clock pin 'u_ad7606/u_parallel_adc_capture/adc_ch3_data_out[12]/opit_0_inv/CLK' (gopQ.CLK) has no clock, timing propagation is disabled at the pin.
W: STA-3011: Clock pin 'u_ad7606/u_parallel_adc_capture/adc_ch3_data_out[13]/opit_0_inv/CLK' (gopQ.CLK) has no clock, timing propagation is disabled at the pin.
W: STA-3011: Clock pin 'u_ad7606/u_parallel_adc_capture/adc_ch3_data_out[14]/opit_0_inv/CLK' (gopQ.CLK) has no clock, timing propagation is disabled at the pin.
W: STA-3011: Clock pin 'u_ad7606/u_parallel_adc_capture/adc_ch3_data_out[15]/opit_0_inv/CLK' (gopQ.CLK) has no clock, timing propagation is disabled at the pin.
W: STA-3011: Clock pin 'u_ad7606/u_parallel_adc_capture/adc_ch4_data_out[0]/opit_0_inv/CLK' (gopQ.CLK) has no clock, timing propagation is disabled at the pin.
W: STA-3011: Clock pin 'u_ad7606/u_parallel_adc_capture/adc_ch4_data_out[1]/opit_0_inv/CLK' (gopQ.CLK) has no clock, timing propagation is disabled at the pin.
W: STA-3011: Clock pin 'u_ad7606/u_parallel_adc_capture/adc_ch4_data_out[2]/opit_0_inv/CLK' (gopQ.CLK) has no clock, timing propagation is disabled at the pin.
W: STA-3011: Clock pin 'u_ad7606/u_parallel_adc_capture/adc_ch4_data_out[3]/opit_0_inv/CLK' (gopQ.CLK) has no clock, timing propagation is disabled at the pin.
W: STA-3011: Clock pin 'u_ad7606/u_parallel_adc_capture/adc_ch4_data_out[4]/opit_0_inv/CLK' (gopQ.CLK) has no clock, timing propagation is disabled at the pin.
W: STA-3011: Clock pin 'u_ad7606/u_parallel_adc_capture/adc_ch4_data_out[5]/opit_0_inv/CLK' (gopQ.CLK) has no clock, timing propagation is disabled at the pin.
W: STA-3011: Clock pin 'u_ad7606/u_parallel_adc_capture/adc_ch4_data_out[6]/opit_0_inv/CLK' (gopQ.CLK) has no clock, timing propagation is disabled at the pin.
W: STA-3011: Clock pin 'u_ad7606/u_parallel_adc_capture/adc_ch4_data_out[7]/opit_0_inv/CLK' (gopQ.CLK) has no clock, timing propagation is disabled at the pin.
W: STA-3011: Clock pin 'u_ad7606/u_parallel_adc_capture/adc_ch4_data_out[8]/opit_0_inv/CLK' (gopQ.CLK) has no clock, timing propagation is disabled at the pin.
W: STA-3011: Clock pin 'u_ad7606/u_parallel_adc_capture/adc_ch4_data_out[9]/opit_0_inv/CLK' (gopQ.CLK) has no clock, timing propagation is disabled at the pin.
W: STA-3011: Clock pin 'u_ad7606/u_parallel_adc_capture/adc_ch4_data_out[10]/opit_0_inv/CLK' (gopQ.CLK) has no clock, timing propagation is disabled at the pin.
W: STA-3011: Clock pin 'u_ad7606/u_parallel_adc_capture/adc_ch4_data_out[11]/opit_0_inv/CLK' (gopQ.CLK) has no clock, timing propagation is disabled at the pin.
W: STA-3011: Clock pin 'u_ad7606/u_parallel_adc_capture/adc_ch4_data_out[12]/opit_0_inv/CLK' (gopQ.CLK) has no clock, timing propagation is disabled at the pin.
W: STA-3011: Clock pin 'u_ad7606/u_parallel_adc_capture/adc_ch4_data_out[13]/opit_0_inv/CLK' (gopQ.CLK) has no clock, timing propagation is disabled at the pin.
W: STA-3011: Clock pin 'u_ad7606/u_parallel_adc_capture/adc_ch4_data_out[14]/opit_0_inv/CLK' (gopQ.CLK) has no clock, timing propagation is disabled at the pin.
W: STA-3011: Clock pin 'u_ad7606/u_parallel_adc_capture/adc_ch4_data_out[15]/opit_0_inv/CLK' (gopQ.CLK) has no clock, timing propagation is disabled at the pin.
W: STA-3011: Clock pin 'u_ad7606/u_parallel_adc_capture/adc_ch5_data_out[0]/opit_0_inv/CLK' (gopQ.CLK) has no clock, timing propagation is disabled at the pin.
W: STA-3011: Clock pin 'u_ad7606/u_parallel_adc_capture/adc_ch5_data_out[1]/opit_0_inv/CLK' (gopQ.CLK) has no clock, timing propagation is disabled at the pin.
W: STA-3011: Clock pin 'u_ad7606/u_parallel_adc_capture/adc_ch5_data_out[2]/opit_0_inv/CLK' (gopQ.CLK) has no clock, timing propagation is disabled at the pin.
W: STA-3011: Clock pin 'u_ad7606/u_parallel_adc_capture/adc_ch5_data_out[3]/opit_0_inv/CLK' (gopQ.CLK) has no clock, timing propagation is disabled at the pin.
W: STA-3011: Clock pin 'u_ad7606/u_parallel_adc_capture/adc_ch5_data_out[4]/opit_0_inv/CLK' (gopQ.CLK) has no clock, timing propagation is disabled at the pin.
W: STA-3011: Clock pin 'u_ad7606/u_parallel_adc_capture/adc_ch5_data_out[5]/opit_0_inv/CLK' (gopQ.CLK) has no clock, timing propagation is disabled at the pin.
W: STA-3011: Clock pin 'u_ad7606/u_parallel_adc_capture/adc_ch5_data_out[6]/opit_0_inv/CLK' (gopQ.CLK) has no clock, timing propagation is disabled at the pin.
W: STA-3011: Clock pin 'u_ad7606/u_parallel_adc_capture/adc_ch5_data_out[7]/opit_0_inv/CLK' (gopQ.CLK) has no clock, timing propagation is disabled at the pin.
W: STA-3011: Clock pin 'u_ad7606/u_parallel_adc_capture/adc_ch5_data_out[8]/opit_0_inv/CLK' (gopQ.CLK) has no clock, timing propagation is disabled at the pin.
W: STA-3011: Clock pin 'u_ad7606/u_parallel_adc_capture/adc_ch5_data_out[9]/opit_0_inv/CLK' (gopQ.CLK) has no clock, timing propagation is disabled at the pin.
W: STA-3011: Clock pin 'u_ad7606/u_parallel_adc_capture/adc_ch5_data_out[10]/opit_0_inv/CLK' (gopQ.CLK) has no clock, timing propagation is disabled at the pin.
W: STA-3011: Clock pin 'u_ad7606/u_parallel_adc_capture/adc_ch5_data_out[11]/opit_0_inv/CLK' (gopQ.CLK) has no clock, timing propagation is disabled at the pin.
W: STA-3011: Clock pin 'u_ad7606/u_parallel_adc_capture/adc_ch5_data_out[12]/opit_0_inv/CLK' (gopQ.CLK) has no clock, timing propagation is disabled at the pin.
W: STA-3011: Clock pin 'u_ad7606/u_parallel_adc_capture/adc_ch5_data_out[13]/opit_0_inv/CLK' (gopQ.CLK) has no clock, timing propagation is disabled at the pin.
W: STA-3011: Clock pin 'u_ad7606/u_parallel_adc_capture/adc_ch5_data_out[14]/opit_0_inv/CLK' (gopQ.CLK) has no clock, timing propagation is disabled at the pin.
W: STA-3011: Clock pin 'u_ad7606/u_parallel_adc_capture/adc_ch5_data_out[15]/opit_0_inv/CLK' (gopQ.CLK) has no clock, timing propagation is disabled at the pin.
W: STA-3011: Clock pin 'u_ad7606/u_parallel_adc_capture/adc_ch6_data_out[0]/opit_0_inv/CLK' (gopQ.CLK) has no clock, timing propagation is disabled at the pin.
W: STA-3011: Clock pin 'u_ad7606/u_parallel_adc_capture/adc_ch6_data_out[1]/opit_0_inv/CLK' (gopQ.CLK) has no clock, timing propagation is disabled at the pin.
W: STA-3011: Clock pin 'u_ad7606/u_parallel_adc_capture/adc_ch6_data_out[2]/opit_0_inv/CLK' (gopQ.CLK) has no clock, timing propagation is disabled at the pin.
W: STA-3011: Clock pin 'u_ad7606/u_parallel_adc_capture/adc_ch6_data_out[3]/opit_0_inv/CLK' (gopQ.CLK) has no clock, timing propagation is disabled at the pin.
W: STA-3011: Clock pin 'u_ad7606/u_parallel_adc_capture/adc_ch6_data_out[4]/opit_0_inv/CLK' (gopQ.CLK) has no clock, timing propagation is disabled at the pin.
W: STA-3011: Clock pin 'u_ad7606/u_parallel_adc_capture/adc_ch6_data_out[5]/opit_0_inv/CLK' (gopQ.CLK) has no clock, timing propagation is disabled at the pin.
W: STA-3011: Clock pin 'u_ad7606/u_parallel_adc_capture/adc_ch6_data_out[6]/opit_0_inv/CLK' (gopQ.CLK) has no clock, timing propagation is disabled at the pin.
W: STA-3011: Clock pin 'u_ad7606/u_parallel_adc_capture/adc_ch6_data_out[7]/opit_0_inv/CLK' (gopQ.CLK) has no clock, timing propagation is disabled at the pin.
W: STA-3011: Clock pin 'u_ad7606/u_parallel_adc_capture/adc_ch6_data_out[8]/opit_0_inv/CLK' (gopQ.CLK) has no clock, timing propagation is disabled at the pin.
W: STA-3011: Clock pin 'u_ad7606/u_parallel_adc_capture/adc_ch6_data_out[9]/opit_0_inv/CLK' (gopQ.CLK) has no clock, timing propagation is disabled at the pin.
W: STA-3011: Clock pin 'u_ad7606/u_parallel_adc_capture/adc_ch6_data_out[10]/opit_0_inv/CLK' (gopQ.CLK) has no clock, timing propagation is disabled at the pin.
W: STA-3011: Clock pin 'u_ad7606/u_parallel_adc_capture/adc_ch6_data_out[11]/opit_0_inv/CLK' (gopQ.CLK) has no clock, timing propagation is disabled at the pin.
W: STA-3011: Clock pin 'u_ad7606/u_parallel_adc_capture/adc_ch6_data_out[12]/opit_0_inv/CLK' (gopQ.CLK) has no clock, timing propagation is disabled at the pin.
W: STA-3011: Clock pin 'u_ad7606/u_parallel_adc_capture/adc_ch6_data_out[13]/opit_0_inv/CLK' (gopQ.CLK) has no clock, timing propagation is disabled at the pin.
W: STA-3011: Clock pin 'u_ad7606/u_parallel_adc_capture/adc_ch6_data_out[14]/opit_0_inv/CLK' (gopQ.CLK) has no clock, timing propagation is disabled at the pin.
W: STA-3011: Clock pin 'u_ad7606/u_parallel_adc_capture/adc_ch6_data_out[15]/opit_0_inv/CLK' (gopQ.CLK) has no clock, timing propagation is disabled at the pin.
W: STA-3011: Clock pin 'u_ad7606/u_parallel_adc_capture/adc_ch7_data_out[0]/opit_0_inv/CLK' (gopQ.CLK) has no clock, timing propagation is disabled at the pin.
W: STA-3011: Clock pin 'u_ad7606/u_parallel_adc_capture/adc_ch7_data_out[1]/opit_0_inv/CLK' (gopQ.CLK) has no clock, timing propagation is disabled at the pin.
W: STA-3011: Clock pin 'u_ad7606/u_parallel_adc_capture/adc_ch7_data_out[2]/opit_0_inv/CLK' (gopQ.CLK) has no clock, timing propagation is disabled at the pin.
W: STA-3011: Clock pin 'u_ad7606/u_parallel_adc_capture/adc_ch7_data_out[3]/opit_0_inv/CLK' (gopQ.CLK) has no clock, timing propagation is disabled at the pin.
W: STA-3011: Clock pin 'u_ad7606/u_parallel_adc_capture/adc_ch7_data_out[4]/opit_0_inv/CLK' (gopQ.CLK) has no clock, timing propagation is disabled at the pin.
W: STA-3011: Clock pin 'u_ad7606/u_parallel_adc_capture/adc_ch7_data_out[5]/opit_0_inv/CLK' (gopQ.CLK) has no clock, timing propagation is disabled at the pin.
W: STA-3011: Clock pin 'u_ad7606/u_parallel_adc_capture/adc_ch7_data_out[6]/opit_0_inv/CLK' (gopQ.CLK) has no clock, timing propagation is disabled at the pin.
W: STA-3011: Clock pin 'u_ad7606/u_parallel_adc_capture/adc_ch7_data_out[7]/opit_0_inv/CLK' (gopQ.CLK) has no clock, timing propagation is disabled at the pin.
W: STA-3011: Clock pin 'u_ad7606/u_parallel_adc_capture/adc_ch7_data_out[8]/opit_0_inv/CLK' (gopQ.CLK) has no clock, timing propagation is disabled at the pin.
W: STA-3011: Clock pin 'u_ad7606/u_parallel_adc_capture/adc_ch7_data_out[9]/opit_0_inv/CLK' (gopQ.CLK) has no clock, timing propagation is disabled at the pin.
W: STA-3011: Clock pin 'u_ad7606/u_parallel_adc_capture/adc_ch7_data_out[10]/opit_0_inv/CLK' (gopQ.CLK) has no clock, timing propagation is disabled at the pin.
W: STA-3011: Clock pin 'u_ad7606/u_parallel_adc_capture/adc_ch7_data_out[11]/opit_0_inv/CLK' (gopQ.CLK) has no clock, timing propagation is disabled at the pin.
W: STA-3011: Clock pin 'u_ad7606/u_parallel_adc_capture/adc_ch7_data_out[12]/opit_0_inv/CLK' (gopQ.CLK) has no clock, timing propagation is disabled at the pin.
W: STA-3011: Clock pin 'u_ad7606/u_parallel_adc_capture/adc_ch7_data_out[13]/opit_0_inv/CLK' (gopQ.CLK) has no clock, timing propagation is disabled at the pin.
W: STA-3011: Clock pin 'u_ad7606/u_parallel_adc_capture/adc_ch7_data_out[14]/opit_0_inv/CLK' (gopQ.CLK) has no clock, timing propagation is disabled at the pin.
W: STA-3011: Clock pin 'u_ad7606/u_parallel_adc_capture/adc_ch7_data_out[15]/opit_0_inv/CLK' (gopQ.CLK) has no clock, timing propagation is disabled at the pin.
W: STA-3011: Clock pin 'u_ad7606/u_parallel_adc_capture/adc_ch8_data_out[0]/opit_0_inv/CLK' (gopQ.CLK) has no clock, timing propagation is disabled at the pin.
W: STA-3011: Clock pin 'u_ad7606/u_parallel_adc_capture/adc_ch8_data_out[1]/opit_0_inv/CLK' (gopQ.CLK) has no clock, timing propagation is disabled at the pin.
W: STA-3011: Clock pin 'u_ad7606/u_parallel_adc_capture/adc_ch8_data_out[2]/opit_0_inv/CLK' (gopQ.CLK) has no clock, timing propagation is disabled at the pin.
W: STA-3011: Clock pin 'u_ad7606/u_parallel_adc_capture/adc_ch8_data_out[3]/opit_0_inv/CLK' (gopQ.CLK) has no clock, timing propagation is disabled at the pin.
W: STA-3011: Clock pin 'u_ad7606/u_parallel_adc_capture/adc_ch8_data_out[4]/opit_0_inv/CLK' (gopQ.CLK) has no clock, timing propagation is disabled at the pin.
W: STA-3011: Clock pin 'u_ad7606/u_parallel_adc_capture/adc_ch8_data_out[5]/opit_0_inv/CLK' (gopQ.CLK) has no clock, timing propagation is disabled at the pin.
W: STA-3011: Clock pin 'u_ad7606/u_parallel_adc_capture/adc_ch8_data_out[6]/opit_0_inv/CLK' (gopQ.CLK) has no clock, timing propagation is disabled at the pin.
W: STA-3011: Clock pin 'u_ad7606/u_parallel_adc_capture/adc_ch8_data_out[7]/opit_0_inv/CLK' (gopQ.CLK) has no clock, timing propagation is disabled at the pin.
W: STA-3011: Clock pin 'u_ad7606/u_parallel_adc_capture/adc_ch8_data_out[8]/opit_0_inv/CLK' (gopQ.CLK) has no clock, timing propagation is disabled at the pin.
W: STA-3011: Clock pin 'u_ad7606/u_parallel_adc_capture/adc_ch8_data_out[9]/opit_0_inv/CLK' (gopQ.CLK) has no clock, timing propagation is disabled at the pin.
W: STA-3011: Clock pin 'u_ad7606/u_parallel_adc_capture/adc_ch8_data_out[10]/opit_0_inv/CLK' (gopQ.CLK) has no clock, timing propagation is disabled at the pin.
W: STA-3011: Clock pin 'u_ad7606/u_parallel_adc_capture/adc_ch8_data_out[11]/opit_0_inv/CLK' (gopQ.CLK) has no clock, timing propagation is disabled at the pin.
W: STA-3011: Clock pin 'u_ad7606/u_parallel_adc_capture/adc_ch8_data_out[12]/opit_0_inv/CLK' (gopQ.CLK) has no clock, timing propagation is disabled at the pin.
W: STA-3011: Clock pin 'u_ad7606/u_parallel_adc_capture/adc_ch8_data_out[13]/opit_0_inv/CLK' (gopQ.CLK) has no clock, timing propagation is disabled at the pin.
W: STA-3011: Clock pin 'u_ad7606/u_parallel_adc_capture/adc_ch8_data_out[14]/opit_0_inv/CLK' (gopQ.CLK) has no clock, timing propagation is disabled at the pin.
W: STA-3011: Clock pin 'u_ad7606/u_parallel_adc_capture/adc_ch8_data_out[15]/opit_0_inv/CLK' (gopQ.CLK) has no clock, timing propagation is disabled at the pin.
W: STA-3011: Clock pin 'u_ad7606/u_parallel_adc_capture/adc_channel_read[0]/opit_0_inv_L5Q_perm/CLK' (gopL5Q.CLK) has no clock, timing propagation is disabled at the pin.
W: STA-3011: Clock pin 'u_ad7606/u_parallel_adc_capture/adc_channel_read[1]/opit_0_inv_L5Q_perm/CLK' (gopL5Q.CLK) has no clock, timing propagation is disabled at the pin.
W: STA-3011: Clock pin 'u_ad7606/u_parallel_adc_capture/adc_channel_read[2]/opit_0_inv_L5Q_perm/CLK' (gopL5Q.CLK) has no clock, timing propagation is disabled at the pin.
W: STA-3011: Clock pin 'u_ad7606/u_parallel_adc_capture/adc_channel_read[3]/opit_0_inv_L5Q_perm/CLK' (gopL5Q.CLK) has no clock, timing propagation is disabled at the pin.
W: STA-3011: Clock pin 'u_ad7606/u_parallel_adc_capture/adc_read_done/opit_0_inv_L5Q_perm/CLK' (gopL5Q.CLK) has no clock, timing propagation is disabled at the pin.
W: STA-3011: Clock pin 'u_ad7606/u_parallel_adc_capture/start_read_data/opit_0_inv_L5Q_perm/CLK' (gopL5Q.CLK) has no clock, timing propagation is disabled at the pin.
W: Timing-4087: Port 'adc_convst_a' is not constrained, it is treated as combinational output.
W: Timing-4087: Port 'adc_convst_b' is not constrained, it is treated as combinational output.
W: Timing-4087: Port 'adc_cs_n' is not constrained, it is treated as combinational output.
W: Timing-4087: Port 'adc_os[0]' is not constrained, it is treated as combinational output.
W: Timing-4087: Port 'adc_os[1]' is not constrained, it is treated as combinational output.
W: Timing-4087: Port 'adc_os[2]' is not constrained, it is treated as combinational output.
W: Timing-4087: Port 'adc_range' is not constrained, it is treated as combinational output.
W: Timing-4087: Port 'adc_rd_n' is not constrained, it is treated as combinational output.
W: Timing-4087: Port 'adc_reset' is not constrained, it is treated as combinational output.
W: Timing-4087: Port 'csi_data[0]' is not constrained, it is treated as combinational output.
W: Timing-4087: Port 'csi_data[1]' is not constrained, it is treated as combinational output.
W: Timing-4087: Port 'csi_data[2]' is not constrained, it is treated as combinational output.
W: Timing-4087: Port 'csi_data[3]' is not constrained, it is treated as combinational output.
W: Timing-4087: Port 'csi_data[4]' is not constrained, it is treated as combinational output.
W: Timing-4087: Port 'csi_data[5]' is not constrained, it is treated as combinational output.
W: Timing-4087: Port 'csi_data[6]' is not constrained, it is treated as combinational output.
W: Timing-4087: Port 'csi_data[7]' is not constrained, it is treated as combinational output.
W: Timing-4087: Port 'csi_hsync' is not constrained, it is treated as combinational output.
W: Timing-4087: Port 'csi_pclk' is not constrained, it is treated as combinational output.
W: Timing-4087: Port 'csi_vsync' is not constrained, it is treated as combinational output.
W: Timing-4086: Port 'adc_busy' is not constrained, it is treated as combinational input.
W: Timing-4086: Port 'adc_data[0]' is not constrained, it is treated as combinational input.
W: Timing-4086: Port 'adc_data[1]' is not constrained, it is treated as combinational input.
W: Timing-4086: Port 'adc_data[2]' is not constrained, it is treated as combinational input.
W: Timing-4086: Port 'adc_data[3]' is not constrained, it is treated as combinational input.
W: Timing-4086: Port 'adc_data[4]' is not constrained, it is treated as combinational input.
W: Timing-4086: Port 'adc_data[5]' is not constrained, it is treated as combinational input.
W: Timing-4086: Port 'adc_data[6]' is not constrained, it is treated as combinational input.
W: Timing-4086: Port 'adc_data[7]' is not constrained, it is treated as combinational input.
W: Timing-4086: Port 'adc_data[8]' is not constrained, it is treated as combinational input.
W: Timing-4086: Port 'adc_data[9]' is not constrained, it is treated as combinational input.
W: Timing-4086: Port 'adc_data[10]' is not constrained, it is treated as combinational input.
W: Timing-4086: Port 'adc_data[11]' is not constrained, it is treated as combinational input.
W: Timing-4086: Port 'adc_data[12]' is not constrained, it is treated as combinational input.
W: Timing-4086: Port 'adc_data[13]' is not constrained, it is treated as combinational input.
W: Timing-4086: Port 'adc_data[14]' is not constrained, it is treated as combinational input.
W: Timing-4086: Port 'adc_data[15]' is not constrained, it is treated as combinational input.
Begin dump timing report
End dump timing report
Action report_timing: Real time elapsed is 8.000 sec
Action report_timing: CPU time elapsed is 5.313 sec
Current time: Thu Aug 15 14:41:20 2024
Action report_timing: Peak memory pool usage is 445,669,376 bytes
Report timing is finished successfully.
